<?xml version="1.0" encoding="UTF-8"?>
<!-- Generated by org.testng.reporters.JUnitReportReporter -->
<testsuite hostname="Shreya" failures="0" tests="1" name="com.crm.actitime.DemoTest" time="0.047" errors="0" timestamp="2023-01-06T15:38:54 IST" skipped="0">
  <testcase classname="com.crm.actitime.DemoTest" name="demo" time="0.047"/>
  <system-out>
    <![CDATA[hii]]>
  </system-out>
</testsuite> <!-- com.crm.actitime.DemoTest -->
