<?xml version="1.0" encoding="UTF-8"?>
<!-- Generated by org.testng.reporters.JUnitReportReporter -->
<testsuite hostname="Shreya" failures="0" tests="1" name="com.crm.actitime.CreateCustomer" time="0.028" errors="0" timestamp="2023-01-06T15:38:56 IST" skipped="0">
  <testcase classname="com.crm.actitime.CreateCustomer" name="createCustomer" time="0.028"/>
  <system-out>
    <![CDATA[CreateCustomer]]>
  </system-out>
</testsuite> <!-- com.crm.actitime.CreateCustomer -->
